# JRE version: OpenJDK Runtime Environment (17.0.6) (build 17.0.6+0-b2043.56-10027231)
# Java VM: OpenJDK 64-Bit Server VM (17.0.6+0-b2043.56-10027231, mixed mode, tiered, compressed oops, compressed class ptrs, g1 gc, windows-amd64)
GC Precious Log:
 CPUs: 12 total, 12 available
 Memory: 7489M
 Large Page Support: Disabled
 NUMA Support: Disabled
 Compressed Oops: Enabled (32-bit)
 Heap Region Size: 1M
 Heap Min Capacity: 8M
 Heap Initial Capacity: 8M
 Heap Max Capacity: 1874M
 Pre-touch: Disabled
 Parallel Workers: 10
 Concurrent Workers: 3
 Concurrent Refinement Workers: 10
 Periodic GC: Disabled
Heap:
 garbage-first heap   total 11264K, used 2156K [0x000000008ae00000, 0x0000000100000000)
  region size 1024K, 1 young (1024K), 1 survivors (1024K)
 Metaspace       used 13124K, committed 13248K, reserved 1064960K
  class space    used 1413K, committed 1472K, reserved 1048576K
GC Heap History (17 events):
Event: 0.180 GC heap before
{Heap before GC invocations=0 (full 0):
 garbage-first heap   total 8192K, used 3072K [0x000000008ae00000, 0x0000000100000000)
  region size 1024K, 3 young (3072K), 0 survivors (0K)
 Metaspace       used 6631K, committed 6784K, reserved 1056768K
  class space    used 605K, committed 704K, reserved 1048576K
}
Event: 0.182 GC heap after
{Heap after GC invocations=1 (full 0):
 garbage-first heap   total 8192K, used 976K [0x000000008ae00000, 0x0000000100000000)
  region size 1024K, 1 young (1024K), 1 survivors (1024K)
 Metaspace       used 6631K, committed 6784K, reserved 1056768K
  class space    used 605K, committed 704K, reserved 1048576K
}
Event: 0.199 GC heap before
{Heap before GC invocations=1 (full 0):
 garbage-first heap   total 8192K, used 2000K [0x000000008ae00000, 0x0000000100000000)
  region size 1024K, 2 young (2048K), 1 survivors (1024K)
 Metaspace       used 7057K, committed 7232K, reserved 1056768K
  class space    used 648K, committed 704K, reserved 1048576K
}
Event: 0.201 GC heap after
{Heap after GC invocations=2 (full 0):
 garbage-first heap   total 8192K, used 948K [0x000000008ae00000, 0x0000000100000000)
  region size 1024K, 1 young (1024K), 1 survivors (1024K)
 Metaspace       used 7057K, committed 7232K, reserved 1056768K
  class space    used 648K, committed 704K, reserved 1048576K
}
Event: 0.244 GC heap before
{Heap before GC invocations=2 (full 0):
 garbage-first heap   total 8192K, used 1972K [0x000000008ae00000, 0x0000000100000000)
  region size 1024K, 3 young (3072K), 1 survivors (1024K)
 Metaspace       used 8099K, committed 8256K, reserved 1056768K
  class space    used 784K, committed 832K, reserved 1048576K
}
Event: 0.244 GC heap after
{Heap after GC invocations=3 (full 0):
 garbage-first heap   total 8192K, used 1018K [0x000000008ae00000, 0x0000000100000000)
  region size 1024K, 1 young (1024K), 1 survivors (1024K)
 Metaspace       used 8099K, committed 8256K, reserved 1056768K
  class space    used 784K, committed 832K, reserved 1048576K
}
Event: 0.284 GC heap before
{Heap before GC invocations=3 (full 0):
 garbage-first heap   total 8192K, used 3066K [0x000000008ae00000, 0x0000000100000000)
  region size 1024K, 3 young (3072K), 1 survivors (1024K)
 Metaspace       used 9071K, committed 9152K, reserved 1056768K
  class space    used 901K, committed 960K, reserved 1048576K
}
Event: 0.285 GC heap after
{Heap after GC invocations=4 (full 0):
 garbage-first heap   total 8192K, used 1108K [0x000000008ae00000, 0x0000000100000000)
  region size 1024K, 1 young (1024K), 1 survivors (1024K)
 Metaspace       used 9071K, committed 9152K, reserved 1056768K
  class space    used 901K, committed 960K, reserved 1048576K
}
Event: 0.305 GC heap before
{Heap before GC invocations=4 (full 0):
 garbage-first heap   total 8192K, used 2132K [0x000000008ae00000, 0x0000000100000000)
  region size 1024K, 3 young (3072K), 1 survivors (1024K)
 Metaspace       used 9654K, committed 9856K, reserved 1064960K
  class space    used 1000K, committed 1088K, reserved 1048576K
}
Event: 0.306 GC heap after
{Heap after GC invocations=5 (full 0):
 garbage-first heap   total 11264K, used 1179K [0x000000008ae00000, 0x0000000100000000)
  region size 1024K, 1 young (1024K), 1 survivors (1024K)
 Metaspace       used 9654K, committed 9856K, reserved 1064960K
  class space    used 1000K, committed 1088K, reserved 1048576K
}
Event: 0.343 GC heap before
{Heap before GC invocations=5 (full 0):
 garbage-first heap   total 11264K, used 4251K [0x000000008ae00000, 0x0000000100000000)
  region size 1024K, 5 young (5120K), 1 survivors (1024K)
 Metaspace       used 10641K, committed 10816K, reserved 1064960K
  class space    used 1126K, committed 1216K, reserved 1048576K
}
Event: 0.344 GC heap after
{Heap after GC invocations=6 (full 0):
 garbage-first heap   total 11264K, used 1653K [0x000000008ae00000, 0x0000000100000000)
  region size 1024K, 1 young (1024K), 1 survivors (1024K)
 Metaspace       used 10641K, committed 10816K, reserved 1064960K
  class space    used 1126K, committed 1216K, reserved 1048576K
}
Event: 0.364 GC heap before
{Heap before GC invocations=6 (full 0):
 garbage-first heap   total 11264K, used 3701K [0x000000008ae00000, 0x0000000100000000)
  region size 1024K, 4 young (4096K), 1 survivors (1024K)
 Metaspace       used 11280K, committed 11456K, reserved 1064960K
  class space    used 1198K, committed 1280K, reserved 1048576K
}
Event: 0.365 GC heap after
{Heap after GC invocations=7 (full 0):
 garbage-first heap   total 11264K, used 1803K [0x000000008ae00000, 0x0000000100000000)
  region size 1024K, 1 young (1024K), 1 survivors (1024K)
 Metaspace       used 11280K, committed 11456K, reserved 1064960K
  class space    used 1198K, committed 1280K, reserved 1048576K
}
Event: 0.388 GC heap before
{Heap before GC invocations=7 (full 0):
 garbage-first heap   total 11264K, used 3851K [0x000000008ae00000, 0x0000000100000000)
  region size 1024K, 4 young (4096K), 1 survivors (1024K)
 Metaspace       used 12077K, committed 12224K, reserved 1064960K
  class space    used 1277K, committed 1344K, reserved 1048576K
}
Event: 0.388 GC heap after
{Heap after GC invocations=8 (full 0):
 garbage-first heap   total 11264K, used 1789K [0x000000008ae00000, 0x0000000100000000)
  region size 1024K, 1 young (1024K), 1 survivors (1024K)
 Metaspace       used 12077K, committed 12224K, reserved 1064960K
  class space    used 1277K, committed 1344K, reserved 1048576K
}
Event: 0.429 GC heap before
{Heap before GC invocations=8 (full 0):
 garbage-first heap   total 11264K, used 4861K [0x000000008ae00000, 0x0000000100000000)
  region size 1024K, 5 young (5120K), 1 survivors (1024K)
 Metaspace       used 13124K, committed 13248K, reserved 1064960K
  class space    used 1413K, committed 1472K, reserved 1048576K
}

